<?xml version="1.0" encoding="UTF-8"?>
<testsuite name="com.mindex.challenge.service.impl.ReportingStructureImplTest" tests="1" skipped="0" failures="0" errors="0" timestamp="2021-03-17T05:21:31" hostname="DESKTOP-DHTCQLD" time="0.022">
  <properties/>
  <testcase name="testRead" classname="com.mindex.challenge.service.impl.ReportingStructureImplTest" time="0.022"/>
  <system-out><![CDATA[2021-03-17 01:21:31.089  INFO 18644 --- [    Test worker] .b.t.c.SpringBootTestContextBootstrapper : Neither @ContextConfiguration nor @ContextHierarchy found for test class [com.mindex.challenge.service.impl.ReportingStructureImplTest], using SpringBootContextLoader
2021-03-17 01:21:31.090  INFO 18644 --- [    Test worker] o.s.t.c.support.AbstractContextLoader    : Could not detect default resource locations for test class [com.mindex.challenge.service.impl.ReportingStructureImplTest]: no resource found for suffixes {-context.xml, Context.groovy}.
2021-03-17 01:21:31.090  INFO 18644 --- [    Test worker] t.c.s.AnnotationConfigContextLoaderUtils : Could not detect default configuration classes for test class [com.mindex.challenge.service.impl.ReportingStructureImplTest]: ReportingStructureImplTest does not declare any static, non-private, non-final, nested classes annotated with @Configuration.
2021-03-17 01:21:31.091  INFO 18644 --- [    Test worker] .b.t.c.SpringBootTestContextBootstrapper : Found @SpringBootConfiguration com.mindex.challenge.ChallengeApplication for test class com.mindex.challenge.service.impl.ReportingStructureImplTest
2021-03-17 01:21:31.092  INFO 18644 --- [    Test worker] .b.t.c.SpringBootTestContextBootstrapper : Loaded default TestExecutionListener class names from location [META-INF/spring.factories]: [org.springframework.boot.test.autoconfigure.restdocs.RestDocsTestExecutionListener, org.springframework.boot.test.autoconfigure.web.client.MockRestServiceServerResetTestExecutionListener, org.springframework.boot.test.autoconfigure.web.servlet.MockMvcPrintOnlyOnFailureTestExecutionListener, org.springframework.boot.test.autoconfigure.web.servlet.WebDriverTestExecutionListener, org.springframework.boot.test.mock.mockito.MockitoTestExecutionListener, org.springframework.boot.test.mock.mockito.ResetMocksTestExecutionListener, org.springframework.test.context.web.ServletTestExecutionListener, org.springframework.test.context.support.DirtiesContextBeforeModesTestExecutionListener, org.springframework.test.context.support.DependencyInjectionTestExecutionListener, org.springframework.test.context.support.DirtiesContextTestExecutionListener, org.springframework.test.context.transaction.TransactionalTestExecutionListener, org.springframework.test.context.jdbc.SqlScriptsTestExecutionListener, org.springframework.test.context.event.EventPublishingTestExecutionListener]
2021-03-17 01:21:31.092  INFO 18644 --- [    Test worker] .b.t.c.SpringBootTestContextBootstrapper : Using TestExecutionListeners: [org.springframework.test.context.web.ServletTestExecutionListener@1f9544f6, org.springframework.test.context.support.DirtiesContextBeforeModesTestExecutionListener@1c938794, org.springframework.boot.test.mock.mockito.MockitoTestExecutionListener@2b10480d, org.springframework.boot.test.autoconfigure.SpringBootDependencyInjectionTestExecutionListener@3ca5b4f3, org.springframework.test.context.support.DirtiesContextTestExecutionListener@922e565, org.springframework.test.context.transaction.TransactionalTestExecutionListener@98d7cf2, org.springframework.test.context.jdbc.SqlScriptsTestExecutionListener@20741dee, org.springframework.test.context.event.EventPublishingTestExecutionListener@31e7373f, org.springframework.boot.test.autoconfigure.restdocs.RestDocsTestExecutionListener@2f70e5ab, org.springframework.boot.test.autoconfigure.web.client.MockRestServiceServerResetTestExecutionListener@4df8665b, org.springframework.boot.test.autoconfigure.web.servlet.MockMvcPrintOnlyOnFailureTestExecutionListener@4de38967, org.springframework.boot.test.autoconfigure.web.servlet.WebDriverTestExecutionListener@4535112b, org.springframework.boot.test.mock.mockito.ResetMocksTestExecutionListener@6dc0e99b]
2021-03-17 01:21:31.101 DEBUG 18644 --- [o-auto-1-exec-6] c.m.c.c.ReportingStructureController     : ReportingStructure with the given employeeId in controller is: [16a596ae-edd3-4847-99fe-c4518e82c86f]
2021-03-17 01:21:31.101 DEBUG 18644 --- [o-auto-1-exec-6] c.m.c.service.impl.EmployeeServiceImpl   : EmployeeId with the given ReportingStructure is : [16a596ae-edd3-4847-99fe-c4518e82c86f]
2021-03-17 01:21:31.101 DEBUG 18644 --- [o-auto-1-exec-6] c.m.c.service.impl.EmployeeServiceImpl   : Creating employee with id [16a596ae-edd3-4847-99fe-c4518e82c86f]
2021-03-17 01:21:31.102 DEBUG 18644 --- [o-auto-1-exec-6] c.m.c.service.impl.EmployeeServiceImpl   : Creating employee with id [16a596ae-edd3-4847-99fe-c4518e82c86f]
2021-03-17 01:21:31.104 DEBUG 18644 --- [o-auto-1-exec-6] c.m.c.service.impl.EmployeeServiceImpl   : Creating employee with id [b7839309-3348-463b-a7e3-5de1c168beb3]
2021-03-17 01:21:31.108 DEBUG 18644 --- [o-auto-1-exec-6] c.m.c.service.impl.EmployeeServiceImpl   : Creating employee with id [03aa1462-ffa9-4978-901b-7c001562cf6f]
2021-03-17 01:21:31.109 DEBUG 18644 --- [o-auto-1-exec-6] c.m.c.service.impl.EmployeeServiceImpl   : Creating employee with id [62c1084e-6e34-4630-93fd-9153afb65309]
2021-03-17 01:21:31.111 DEBUG 18644 --- [o-auto-1-exec-6] c.m.c.service.impl.EmployeeServiceImpl   : Creating employee with id [c0c2293d-16bd-4603-8e08-638a9d18b22c]
]]></system-out>
  <system-err><![CDATA[]]></system-err>
</testsuite>
