<?xml version="1.0" encoding="UTF-8"?>
<testsuite name="com.mindex.challenge.service.impl.EmployeeServiceImplTest" tests="1" skipped="0" failures="0" errors="0" timestamp="2021-03-17T05:21:31" hostname="DESKTOP-DHTCQLD" time="0.026">
  <properties/>
  <testcase name="testCreateReadUpdate" classname="com.mindex.challenge.service.impl.EmployeeServiceImplTest" time="0.026"/>
  <system-out><![CDATA[2021-03-17 01:21:31.056  INFO 18644 --- [    Test worker] .b.t.c.SpringBootTestContextBootstrapper : Neither @ContextConfiguration nor @ContextHierarchy found for test class [com.mindex.challenge.service.impl.EmployeeServiceImplTest], using SpringBootContextLoader
2021-03-17 01:21:31.057  INFO 18644 --- [    Test worker] o.s.t.c.support.AbstractContextLoader    : Could not detect default resource locations for test class [com.mindex.challenge.service.impl.EmployeeServiceImplTest]: no resource found for suffixes {-context.xml, Context.groovy}.
2021-03-17 01:21:31.057  INFO 18644 --- [    Test worker] t.c.s.AnnotationConfigContextLoaderUtils : Could not detect default configuration classes for test class [com.mindex.challenge.service.impl.EmployeeServiceImplTest]: EmployeeServiceImplTest does not declare any static, non-private, non-final, nested classes annotated with @Configuration.
2021-03-17 01:21:31.058  INFO 18644 --- [    Test worker] .b.t.c.SpringBootTestContextBootstrapper : Found @SpringBootConfiguration com.mindex.challenge.ChallengeApplication for test class com.mindex.challenge.service.impl.EmployeeServiceImplTest
2021-03-17 01:21:31.059  INFO 18644 --- [    Test worker] .b.t.c.SpringBootTestContextBootstrapper : Loaded default TestExecutionListener class names from location [META-INF/spring.factories]: [org.springframework.boot.test.autoconfigure.restdocs.RestDocsTestExecutionListener, org.springframework.boot.test.autoconfigure.web.client.MockRestServiceServerResetTestExecutionListener, org.springframework.boot.test.autoconfigure.web.servlet.MockMvcPrintOnlyOnFailureTestExecutionListener, org.springframework.boot.test.autoconfigure.web.servlet.WebDriverTestExecutionListener, org.springframework.boot.test.mock.mockito.MockitoTestExecutionListener, org.springframework.boot.test.mock.mockito.ResetMocksTestExecutionListener, org.springframework.test.context.web.ServletTestExecutionListener, org.springframework.test.context.support.DirtiesContextBeforeModesTestExecutionListener, org.springframework.test.context.support.DependencyInjectionTestExecutionListener, org.springframework.test.context.support.DirtiesContextTestExecutionListener, org.springframework.test.context.transaction.TransactionalTestExecutionListener, org.springframework.test.context.jdbc.SqlScriptsTestExecutionListener, org.springframework.test.context.event.EventPublishingTestExecutionListener]
2021-03-17 01:21:31.059  INFO 18644 --- [    Test worker] .b.t.c.SpringBootTestContextBootstrapper : Using TestExecutionListeners: [org.springframework.test.context.web.ServletTestExecutionListener@1eaad677, org.springframework.test.context.support.DirtiesContextBeforeModesTestExecutionListener@713b9cbf, org.springframework.boot.test.mock.mockito.MockitoTestExecutionListener@47e574b4, org.springframework.boot.test.autoconfigure.SpringBootDependencyInjectionTestExecutionListener@7aa21cf8, org.springframework.test.context.support.DirtiesContextTestExecutionListener@32f364b5, org.springframework.test.context.transaction.TransactionalTestExecutionListener@1f80d830, org.springframework.test.context.jdbc.SqlScriptsTestExecutionListener@73ac5fa0, org.springframework.test.context.event.EventPublishingTestExecutionListener@1983d8f1, org.springframework.boot.test.autoconfigure.restdocs.RestDocsTestExecutionListener@30fcd1b8, org.springframework.boot.test.autoconfigure.web.client.MockRestServiceServerResetTestExecutionListener@2924cecf, org.springframework.boot.test.autoconfigure.web.servlet.MockMvcPrintOnlyOnFailureTestExecutionListener@38e4d514, org.springframework.boot.test.autoconfigure.web.servlet.WebDriverTestExecutionListener@3f27c6a9, org.springframework.boot.test.mock.mockito.ResetMocksTestExecutionListener@6980b1e4]
2021-03-17 01:21:31.065 DEBUG 18644 --- [o-auto-1-exec-3] c.m.c.controller.EmployeeController      : Received employee create request for [com.mindex.challenge.data.Employee@46cff226]
2021-03-17 01:21:31.066 DEBUG 18644 --- [o-auto-1-exec-3] c.m.c.service.impl.EmployeeServiceImpl   : Creating employee [com.mindex.challenge.data.Employee@46cff226]
2021-03-17 01:21:31.072 DEBUG 18644 --- [o-auto-1-exec-4] c.m.c.controller.EmployeeController      : Received employee create request for id [5f4d1868-4da8-4f62-b8e7-9695fe674c9c]
2021-03-17 01:21:31.072 DEBUG 18644 --- [o-auto-1-exec-4] c.m.c.service.impl.EmployeeServiceImpl   : Creating employee with id [5f4d1868-4da8-4f62-b8e7-9695fe674c9c]
2021-03-17 01:21:31.081 DEBUG 18644 --- [o-auto-1-exec-5] c.m.c.controller.EmployeeController      : Received employee create request for id [5f4d1868-4da8-4f62-b8e7-9695fe674c9c] and employee [com.mindex.challenge.data.Employee@3a4ea2c9]
2021-03-17 01:21:31.081 DEBUG 18644 --- [o-auto-1-exec-5] c.m.c.service.impl.EmployeeServiceImpl   : Updating employee [com.mindex.challenge.data.Employee@3a4ea2c9]
]]></system-out>
  <system-err><![CDATA[]]></system-err>
</testsuite>
