<?xml version="1.0" encoding="UTF-8"?>
<testsuite name="com.mindex.challenge.DataBootstrapTest" tests="1" skipped="0" failures="0" errors="0" timestamp="2021-03-17T05:21:30" hostname="DESKTOP-DHTCQLD" time="0.042">
  <properties/>
  <testcase name="test" classname="com.mindex.challenge.DataBootstrapTest" time="0.042"/>
  <system-out><![CDATA[2021-03-17 01:21:30.043  INFO 18644 --- [    Test worker] .b.t.c.SpringBootTestContextBootstrapper : Neither @ContextConfiguration nor @ContextHierarchy found for test class [com.mindex.challenge.DataBootstrapTest], using SpringBootContextLoader
2021-03-17 01:21:30.044  INFO 18644 --- [    Test worker] o.s.t.c.support.AbstractContextLoader    : Could not detect default resource locations for test class [com.mindex.challenge.DataBootstrapTest]: no resource found for suffixes {-context.xml, Context.groovy}.
2021-03-17 01:21:30.045  INFO 18644 --- [    Test worker] t.c.s.AnnotationConfigContextLoaderUtils : Could not detect default configuration classes for test class [com.mindex.challenge.DataBootstrapTest]: DataBootstrapTest does not declare any static, non-private, non-final, nested classes annotated with @Configuration.
2021-03-17 01:21:30.046  INFO 18644 --- [    Test worker] .b.t.c.SpringBootTestContextBootstrapper : Found @SpringBootConfiguration com.mindex.challenge.ChallengeApplication for test class com.mindex.challenge.DataBootstrapTest
2021-03-17 01:21:30.047  INFO 18644 --- [    Test worker] .b.t.c.SpringBootTestContextBootstrapper : Loaded default TestExecutionListener class names from location [META-INF/spring.factories]: [org.springframework.boot.test.autoconfigure.restdocs.RestDocsTestExecutionListener, org.springframework.boot.test.autoconfigure.web.client.MockRestServiceServerResetTestExecutionListener, org.springframework.boot.test.autoconfigure.web.servlet.MockMvcPrintOnlyOnFailureTestExecutionListener, org.springframework.boot.test.autoconfigure.web.servlet.WebDriverTestExecutionListener, org.springframework.boot.test.mock.mockito.MockitoTestExecutionListener, org.springframework.boot.test.mock.mockito.ResetMocksTestExecutionListener, org.springframework.test.context.web.ServletTestExecutionListener, org.springframework.test.context.support.DirtiesContextBeforeModesTestExecutionListener, org.springframework.test.context.support.DependencyInjectionTestExecutionListener, org.springframework.test.context.support.DirtiesContextTestExecutionListener, org.springframework.test.context.transaction.TransactionalTestExecutionListener, org.springframework.test.context.jdbc.SqlScriptsTestExecutionListener, org.springframework.test.context.event.EventPublishingTestExecutionListener]
2021-03-17 01:21:30.048  INFO 18644 --- [    Test worker] .b.t.c.SpringBootTestContextBootstrapper : Using TestExecutionListeners: [org.springframework.test.context.web.ServletTestExecutionListener@14cb3877, org.springframework.test.context.support.DirtiesContextBeforeModesTestExecutionListener@3e426573, org.springframework.boot.test.mock.mockito.MockitoTestExecutionListener@30cb2a30, org.springframework.boot.test.autoconfigure.SpringBootDependencyInjectionTestExecutionListener@6903cb4c, org.springframework.test.context.support.DirtiesContextTestExecutionListener@24464e9b, org.springframework.test.context.transaction.TransactionalTestExecutionListener@902de9d, org.springframework.test.context.jdbc.SqlScriptsTestExecutionListener@6071ef27, org.springframework.test.context.event.EventPublishingTestExecutionListener@175f01ce, org.springframework.boot.test.autoconfigure.restdocs.RestDocsTestExecutionListener@17bb728, org.springframework.boot.test.autoconfigure.web.client.MockRestServiceServerResetTestExecutionListener@1e9267ac, org.springframework.boot.test.autoconfigure.web.servlet.MockMvcPrintOnlyOnFailureTestExecutionListener@71f5ab8e, org.springframework.boot.test.autoconfigure.web.servlet.WebDriverTestExecutionListener@1ecb950f, org.springframework.boot.test.mock.mockito.ResetMocksTestExecutionListener@4255b309]
]]></system-out>
  <system-err><![CDATA[]]></system-err>
</testsuite>
